<?xml version="1.0" encoding="UTF-8"?>
<testng-results ignored="0" total="1" passed="1" failed="0" skipped="0">
  <reporter-output>
  </reporter-output>
  <suite started-at="2021-10-29T12:19:42 PDT" name="Default suite" finished-at="2021-10-29T12:19:53 PDT" duration-ms="10592">
    <groups>
    </groups>
    <test started-at="2021-10-29T12:19:42 PDT" name="Default test" finished-at="2021-10-29T12:19:53 PDT" duration-ms="10592">
      <class name="Files.seleniumPractice1">
        <test-method signature="openLinksinNewTab()[pri:0, instance:Files.seleniumPractice1@2f217633]" started-at="2021-10-29T12:19:42 PDT" name="openLinksinNewTab" finished-at="2021-10-29T12:19:53 PDT" duration-ms="10543" status="PASS">
          <reporter-output>
          </reporter-output>
        </test-method> <!-- openLinksinNewTab -->
      </class> <!-- Files.seleniumPractice1 -->
    </test> <!-- Default test -->
  </suite> <!-- Default suite -->
</testng-results>
